{"numTotalTestSuites":1,"numPassedTestSuites":1,"numFailedTestSuites":0,"numPendingTestSuites":0,"numTotalTests":3,"numPassedTests":3,"numFailedTests":0,"numPendingTests":0,"numTodoTests":0,"snapshot":{"added":0,"failure":false,"filesAdded":0,"filesRemoved":0,"filesRemovedList":[],"filesUnmatched":0,"filesUpdated":0,"matched":0,"total":0,"unchecked":0,"uncheckedKeysByFile":[],"unmatched":0,"updated":0,"didUpdate":false},"startTime":1727469695095,"success":true,"testResults":[{"assertionResults":[{"ancestorTitles":[],"fullName":"should render a btn","status":"passed","title":"should render a btn","duration":51.458500000000186,"failureMessages":[],"meta":{}},{"ancestorTitles":[],"fullName":"should contain correct url","status":"passed","title":"should contain correct url","duration":150.95310000000018,"failureMessages":[],"meta":{}},{"ancestorTitles":[],"fullName":"should contain btn","status":"passed","title":"should contain btn","duration":17.41280000000006,"failureMessages":[],"meta":{}}],"startTime":1727469697252,"endTime":1727469697472.4128,"status":"passed","message":"","name":"C:/Users/nikit/Desktop/testovoeModsen/art-museum/src/tests/main.test.tsx"}]}