{"numTotalTestSuites":1,"numPassedTestSuites":1,"numFailedTestSuites":0,"numPendingTestSuites":0,"numTotalTests":1,"numPassedTests":1,"numFailedTests":0,"numPendingTests":0,"numTodoTests":0,"snapshot":{"added":0,"failure":false,"filesAdded":0,"filesRemoved":0,"filesRemovedList":[],"filesUnmatched":0,"filesUpdated":0,"matched":0,"total":0,"unchecked":0,"uncheckedKeysByFile":[],"unmatched":0,"updated":0,"didUpdate":false},"startTime":1727462917667,"success":true,"testResults":[{"assertionResults":[{"ancestorTitles":[],"fullName":"adds 1 + 2 to equal 3","status":"passed","title":"adds 1 + 2 to equal 3","duration":1.6989000000000942,"failureMessages":[],"meta":{}}],"startTime":1727462918957,"endTime":1727462918958.699,"status":"passed","message":"","name":"C:/Users/nikit/Desktop/testovoeModsen/art-museum/src/tests/main.test.tsx"}]}